{"message":"Converting circular structure to JSON\n    --> starting at object with constructor 'ClientRequest'\n    |     property 'socket' -> object with constructor 'TLSSocket'\n    --- property '_httpMessage' closes the circle","level":"error","timestamp":"2021-06-13T14:07:00.694Z"}
{"message":"Converting circular structure to JSON\n    --> starting at object with constructor 'ClientRequest'\n    |     property 'socket' -> object with constructor 'TLSSocket'\n    --- property '_httpMessage' closes the circle","level":"error","timestamp":"2021-06-13T14:18:01.337Z"}
{"message":"Converting circular structure to JSON\n    --> starting at object with constructor 'ClientRequest'\n    |     property 'socket' -> object with constructor 'TLSSocket'\n    --- property '_httpMessage' closes the circle","level":"error","timestamp":"2021-06-13T14:19:00.486Z"}
{"message":"User validation failed: name: Path `name` is required.","level":"error","timestamp":"2021-06-16T20:46:52.650Z"}
{"message":"E11000 duplicate key error collection: medsystem.users index: email_1 dup key: { email: \"testdoctor12@gmail.com\" }","level":"error","timestamp":"2021-06-17T11:00:35.834Z"}
{"message":"E11000 duplicate key error collection: medsystem.users index: email_1 dup key: { email: \"testdoctor12@gmail.com\" }","level":"error","timestamp":"2021-06-17T11:02:27.419Z"}
{"message":"E11000 duplicate key error collection: medsystem.users index: email_1 dup key: { email: \"testdoctor@gmail.com\" }","level":"error","timestamp":"2021-06-17T11:06:36.629Z"}
{"message":"E11000 duplicate key error collection: medsystem.users index: email_1 dup key: { email: \"testdoctor@gmail.com\" }","level":"error","timestamp":"2021-06-17T11:18:01.293Z"}
{"message":"E11000 duplicate key error collection: medsystem.users index: email_1 dup key: { email: \"testdoctor@gmail.com\" }","level":"error","timestamp":"2021-06-18T15:45:10.449Z"}
{"message":"There is no user found with this email and password","level":"error","timestamp":"2021-06-19T06:29:51.642Z"}
{"message":"There is no user found with this email and password","level":"error","timestamp":"2021-06-21T08:40:24.253Z"}
{"message":"E11000 duplicate key error collection: medsystem.users index: email_1 dup key: { email: \"testdoctor@gmail.com\" }","level":"error","timestamp":"2021-06-21T08:49:36.156Z"}
{"message":"You are not authorized. Please log in to access","level":"error","timestamp":"2021-06-22T11:29:34.963Z"}
{"message":"Incorrect email or password","level":"error","timestamp":"2021-06-22T11:33:00.790Z"}
{"message":"Incorrect email or password","level":"error","timestamp":"2021-06-22T11:35:04.697Z"}
{"message":"You are not authorized. Please log in to access","level":"error","timestamp":"2021-06-22T12:01:44.897Z"}
{"message":"You are not authorized. Please log in to access","level":"error","timestamp":"2021-06-22T12:01:48.602Z"}
{"message":"You are not authorized. Please log in to access","level":"error","timestamp":"2021-06-22T12:01:49.564Z"}
{"message":"You are not authorized. Please log in to access","level":"error","timestamp":"2021-06-22T12:01:50.508Z"}
{"message":"You are not authorized. Please log in to access","level":"error","timestamp":"2021-06-22T12:02:02.482Z"}
{"message":"The user for the given token does not exist","level":"error","timestamp":"2021-06-22T12:06:22.009Z"}
{"message":"The user for the given token does not exist","level":"error","timestamp":"2021-06-22T12:06:23.217Z"}
{"message":"The user for the given token does not exist","level":"error","timestamp":"2021-06-22T12:06:27.899Z"}
{"message":"The user for the given token does not exist","level":"error","timestamp":"2021-06-22T12:06:31.802Z"}
{"message":"The user for the given token does not exist","level":"error","timestamp":"2021-06-22T12:06:32.994Z"}
{"message":"The user for the given token does not exist","level":"error","timestamp":"2021-06-22T12:06:36.152Z"}
{"message":"The user for the given token does not exist","level":"error","timestamp":"2021-06-22T12:06:37.795Z"}
{"message":"The user for the given token does not exist","level":"error","timestamp":"2021-06-22T12:06:49.548Z"}
{"message":"Incorrect email or password","level":"error","timestamp":"2021-06-22T12:07:13.005Z"}
{"message":"The user for the given token does not exist","level":"error","timestamp":"2021-06-22T12:13:59.240Z"}
{"message":"The user for the given token does not exist","level":"error","timestamp":"2021-06-22T12:14:07.771Z"}
{"message":"The user for the given token does not exist","level":"error","timestamp":"2021-06-22T12:14:07.772Z"}
{"message":"E11000 duplicate key error collection: medsystem.users index: email_1 dup key: { email: \"adamjohnson@gmail.com\" }","level":"error","timestamp":"2021-06-22T12:15:56.860Z"}
{"message":"The user for the given token does not exist","level":"error","timestamp":"2021-06-22T12:21:12.960Z"}
{"message":"E11000 duplicate key error collection: medsystem.users index: email_1 dup key: { email: \"testdoctor@gmail.com\" }","level":"error","timestamp":"2021-06-22T12:45:03.426Z"}
{"message":"Incorrect email or password","level":"error","timestamp":"2021-06-22T13:16:40.542Z"}
{"message":"Incorrect email or password","level":"error","timestamp":"2021-06-22T13:23:09.816Z"}
{"message":"Incorrect email or password","level":"error","timestamp":"2021-06-22T13:23:43.495Z"}
{"message":"E11000 duplicate key error collection: medsystem.users index: email_1 dup key: { email: \"testdoctor@gmail.com\" }","level":"error","timestamp":"2021-06-22T13:31:34.856Z"}
{"message":"E11000 duplicate key error collection: medsystem.users index: email_1 dup key: { email: \"adamjohnson@gmail.com\" }","level":"error","timestamp":"2021-06-22T13:32:21.798Z"}
{"message":"E11000 duplicate key error collection: medsystem.users index: email_1 dup key: { email: \"adamjohnson@gmail.com\" }","level":"error","timestamp":"2021-06-22T13:34:59.186Z"}
